0 info it worked if it ends with ok
1 verbose cli [ 'C:\\Program Files\\nodejs\\node.exe',
1 verbose cli   'C:\\Program Files\\nodejs\\node_modules\\npm\\bin\\npm-cli.js',
1 verbose cli   'run',
1 verbose cli   'serve' ]
2 info using npm@3.10.10
3 info using node@v6.9.5
4 verbose run-script [ 'preserve', 'serve', 'postserve' ]
5 info lifecycle angularank@1.0.0~preserve: angularank@1.0.0
6 silly lifecycle angularank@1.0.0~preserve: no script for preserve, continuing
7 info lifecycle angularank@1.0.0~serve: angularank@1.0.0
8 verbose lifecycle angularank@1.0.0~serve: unsafe-perm in lifecycle true
9 verbose lifecycle angularank@1.0.0~serve: PATH: C:\Program Files\nodejs\node_modules\npm\bin\node-gyp-bin;D:\react\AngulaRank\node_modules\.bin;D:\cmder\bin;D:\cmder\vendor\conemu-maximus5\ConEmu\Scripts;D:\cmder\vendor\conemu-maximus5;D:\cmder\vendor\conemu-maximus5\ConEmu;C:\Program Files (x86)\ActiveState Komodo IDE 10\;C:\ProgramData\Oracle\Java\javapath;C:\Program Files (x86)\Lenovo\FusionEngine;C:\WINDOWS\system32;C:\WINDOWS;C:\WINDOWS\System32\Wbem;C:\WINDOWS\System32\WindowsPowerShell\v1.0\;C:\Program Files (x86)\ATI Technologies\ATI.ACE\Core-Static;C:\Program Files\Intel\WiFi\bin\;C:\Program Files\Common Files\Intel\WirelessCommon\;C:\Program Files\Microsoft SQL Server\120\Tools\Binn\;C:\Program Files\Microsoft\Web Platform Installer\;C:\Program Files (x86)\Microsoft Team Foundation Server 2012 Power Tools\Best Practices Analyzer\;C:\Program Files\Microsoft SQL Server\130\Tools\Binn\;C:\Program Files (x86)\Microsoft SQL Server\110\DTS\Binn\;C:\Program Files (x86)\Microsoft SQL Server\120\DTS\Binn\;C:\Program Files (x86)\Microsoft SQL Server\130\DTS\Binn\;C:\Program Files (x86)\Windows Kits\8.1\Windows Performance Toolkit\;C:\Program Files\Git\cmd;C:\Program Files\dotnet\;C:\Program Files (x86)\Microsoft SQL Server\110\Tools\Binn\;C:\Program Files\Microsoft SQL Server\110\Tools\Binn\;C:\Program Files\Microsoft SQL Server\110\DTS\Binn\;C:\Program Files (x86)\Microsoft SQL Server\110\Tools\Binn\ManagementStudio\;C:\Program Files\Java\jdk1.8.0_111\bin;C:\Program Files (x86)\Skype\Phone\;C:\Program Files\MATLAB\R2016b\bin;C:\Program Files\nodejs\;C:\Users\barti\Anaconda2;C:\Users\barti\Anaconda2\Scripts;C:\Users\barti\Anaconda2\Library\bin;C:\Program Files\Java\jdk1.8.0_111\bin;C:\Users\barti\AppData\Local\Microsoft\WindowsApps;C:\Users\barti\AppData\Roaming\npm;C:\Program Files\Git\usr\bin;C:\Program Files\Git\usr\share\vim\vim74;D:\cmder\
10 verbose lifecycle angularank@1.0.0~serve: CWD: D:\react\AngulaRank
11 silly lifecycle angularank@1.0.0~serve: Args: [ '/d /s /c',
11 silly lifecycle   'nodemon server/server.js --ignore client\\components' ]
12 silly lifecycle angularank@1.0.0~serve: Returned: code: 3221225786  signal: null
13 info lifecycle angularank@1.0.0~serve: Failed to exec serve script
14 verbose stack Error: angularank@1.0.0 serve: `nodemon server/server.js --ignore client\components`
14 verbose stack Exit status 3221225786
14 verbose stack     at EventEmitter.<anonymous> (C:\Program Files\nodejs\node_modules\npm\lib\utils\lifecycle.js:255:16)
14 verbose stack     at emitTwo (events.js:106:13)
14 verbose stack     at EventEmitter.emit (events.js:191:7)
14 verbose stack     at ChildProcess.<anonymous> (C:\Program Files\nodejs\node_modules\npm\lib\utils\spawn.js:40:14)
14 verbose stack     at emitTwo (events.js:106:13)
14 verbose stack     at ChildProcess.emit (events.js:191:7)
14 verbose stack     at maybeClose (internal/child_process.js:877:16)
14 verbose stack     at Process.ChildProcess._handle.onexit (internal/child_process.js:226:5)
15 verbose pkgid angularank@1.0.0
16 verbose cwd D:\react\AngulaRank
17 error Windows_NT 10.0.14393
18 error argv "C:\\Program Files\\nodejs\\node.exe" "C:\\Program Files\\nodejs\\node_modules\\npm\\bin\\npm-cli.js" "run" "serve"
19 error node v6.9.5
20 error npm  v3.10.10
21 error code ELIFECYCLE
22 error angularank@1.0.0 serve: `nodemon server/server.js --ignore client\components`
22 error Exit status 3221225786
23 error Failed at the angularank@1.0.0 serve script 'nodemon server/server.js --ignore client\components'.
23 error Make sure you have the latest version of node.js and npm installed.
23 error If you do, this is most likely a problem with the angularank package,
23 error not with npm itself.
23 error Tell the author that this fails on your system:
23 error     nodemon server/server.js --ignore client\components
23 error You can get information on how to open an issue for this project with:
23 error     npm bugs angularank
23 error Or if that isn't available, you can get their info via:
23 error     npm owner ls angularank
23 error There is likely additional logging output above.
24 verbose exit [ 1, true ]
